[debug] [2025-06-05T20:24:25.570Z] ----------------------------------------------------------------------
[debug] [2025-06-05T20:24:25.584Z] Command:       C:\Program Files\nodejs\node.exe C:\Users\DELL\AppData\Roaming\npm\node_modules\firebase-tools\lib\bin\firebase.js init hosting
[debug] [2025-06-05T20:24:25.586Z] CLI Version:   14.6.0
[debug] [2025-06-05T20:24:25.586Z] Platform:      win32
[debug] [2025-06-05T20:24:25.587Z] Node Version:  v22.16.0
[debug] [2025-06-05T20:24:25.588Z] Time:          Thu Jun 05 2025 21:24:25 GMT+0100 (West Africa Standard Time)
[debug] [2025-06-05T20:24:25.589Z] ----------------------------------------------------------------------
[debug] 
[debug] [2025-06-05T20:24:27.508Z] > command requires scopes: ["email","openid","https://www.googleapis.com/auth/cloudplatformprojects.readonly","https://www.googleapis.com/auth/firebase","https://www.googleapis.com/auth/cloud-platform"]
[debug] [2025-06-05T20:24:27.511Z] > authorizing via signed-in user (kais3rus@gmail.com)
[info] 
     ######## #### ########  ######## ########     ###     ######  ########
     ##        ##  ##     ## ##       ##     ##  ##   ##  ##       ##
     ######    ##  ########  ######   ########  #########  ######  ######
     ##        ##  ##    ##  ##       ##     ## ##     ##       ## ##
     ##       #### ##     ## ######## ########  ##     ##  ######  ########

You're about to initialize a Firebase project in this directory:

  C:\Users\DELL\Documents\netrunners-edge

Before we get started, keep in mind:

  * You are initializing within an existing Firebase project directory

[info] 
=== Project Setup
[info] 
[info] First, let's associate this project directory with a Firebase project.
[info] You can create multiple project aliases by running firebase use --add, 
[info] but for now we'll just set up a default project.
[info] 
[debug] [2025-06-05T20:25:28.957Z] Using project from CLI flag: netrunner-31ef2
[debug] [2025-06-05T20:25:28.972Z] Checked if tokens are valid: false, expires at: 1749155712399
[debug] [2025-06-05T20:25:28.974Z] Checked if tokens are valid: false, expires at: 1749155712399
[debug] [2025-06-05T20:25:28.977Z] > refreshing access token with scopes: []
[debug] [2025-06-05T20:25:28.994Z] >>> [apiv2][query] POST https://www.googleapis.com/oauth2/v3/token [none]
[debug] [2025-06-05T20:25:28.995Z] >>> [apiv2][body] POST https://www.googleapis.com/oauth2/v3/token [omitted]
[debug] [2025-06-05T20:25:32.544Z] <<< [apiv2][status] POST https://www.googleapis.com/oauth2/v3/token 200
[debug] [2025-06-05T20:25:32.545Z] <<< [apiv2][body] POST https://www.googleapis.com/oauth2/v3/token [omitted]
[debug] [2025-06-05T20:25:32.672Z] >>> [apiv2][query] GET https://firebase.googleapis.com/v1beta1/projects/netrunner-31ef2 [none]
[debug] [2025-06-05T20:25:33.443Z] <<< [apiv2][status] GET https://firebase.googleapis.com/v1beta1/projects/netrunner-31ef2 200
[debug] [2025-06-05T20:25:33.444Z] <<< [apiv2][body] GET https://firebase.googleapis.com/v1beta1/projects/netrunner-31ef2 {"projectId":"netrunner-31ef2","projectNumber":"840623322760","displayName":"Netrunner","name":"projects/netrunner-31ef2","resources":{"hostingSite":"netrunner-31ef2"},"state":"ACTIVE","etag":"1_0c339aac-c239-436a-8830-1afd6f83c3b6"}
[info] i  Using project netrunner-31ef2 (Netrunner) 
[info] 
=== Hosting Setup
[debug] [2025-06-05T20:25:33.507Z] Checked if tokens are valid: true, expires at: 1749158731546
[debug] [2025-06-05T20:25:33.507Z] Checked if tokens are valid: true, expires at: 1749158731546
[debug] [2025-06-05T20:25:33.509Z] >>> [apiv2][query] GET https://firebase.googleapis.com/v1beta1/projects/netrunner-31ef2 [none]
[debug] [2025-06-05T20:25:33.875Z] <<< [apiv2][status] GET https://firebase.googleapis.com/v1beta1/projects/netrunner-31ef2 200
[debug] [2025-06-05T20:25:33.875Z] <<< [apiv2][body] GET https://firebase.googleapis.com/v1beta1/projects/netrunner-31ef2 {"projectId":"netrunner-31ef2","projectNumber":"840623322760","displayName":"Netrunner","name":"projects/netrunner-31ef2","resources":{"hostingSite":"netrunner-31ef2"},"state":"ACTIVE","etag":"1_0c339aac-c239-436a-8830-1afd6f83c3b6"}
[info] 
[info] Your public directory is the folder (relative to your project directory) that
[info] will contain Hosting assets to be uploaded with firebase deploy. If you
[info] have a build process for your assets, use your build's output directory.
[info] 
[debug] [2025-06-05T20:26:00.261Z] >>> [apiv2][query] GET https://www.gstatic.com/firebasejs/releases.json [none]
[debug] [2025-06-05T20:26:00.833Z] <<< [apiv2][status] GET https://www.gstatic.com/firebasejs/releases.json 200
[debug] [2025-06-05T20:26:00.834Z] <<< [apiv2][body] GET https://www.gstatic.com/firebasejs/releases.json {"current":{"version":"11.9.0","browserURL":"https://www.gstatic.com/firebasejs/11.9.0/firebase.js","packageURL":"https://www.gstatic.com/firebasejs/11.9.0/firebase.tgz"},"live":{"version":"11.9","browserURL":"https://www.gstatic.com/firebasejs/live/11.9/firebase.js","packageURL":"https://www.gstatic.com/firebasejs/live/11.9/firebase.tgz"},"components":{"ai":"https://www.gstatic.com/firebasejs/11.9.0/firebase-ai.js","analytics":"https://www.gstatic.com/firebasejs/11.9.0/firebase-analytics.js","app":"https://www.gstatic.com/firebasejs/11.9.0/firebase-app.js","app-check":"https://www.gstatic.com/firebasejs/11.9.0/firebase-app-check.js","auth":"https://www.gstatic.com/firebasejs/11.9.0/firebase-auth.js","auth/cordova":"https://www.gstatic.com/firebasejs/11.9.0/firebase-auth/cordova.js","auth/web-extension":"https://www.gstatic.com/firebasejs/11.9.0/firebase-auth/web-extension.js","functions":"https://www.gstatic.com/firebasejs/11.9.0/firebase-functions.js","firestore":"https://www.gstatic.com/firebasejs/11.9.0/firebase-firestore.js","firestore/lite":"https://www.gstatic.com/firebasejs/11.9.0/firebase-firestore/lite.js","installations":"https://www.gstatic.com/firebasejs/11.9.0/firebase-installations.js","storage":"https://www.gstatic.com/firebasejs/11.9.0/firebase-storage.js","performance":"https://www.gstatic.com/firebasejs/11.9.0/firebase-performance.js","remote-config":"https://www.gstatic.com/firebasejs/11.9.0/firebase-remote-config.js","messaging":"https://www.gstatic.com/firebasejs/11.9.0/firebase-messaging.js","messaging/sw":"https://www.gstatic.com/firebasejs/11.9.0/firebase-messaging/sw.js","database":"https://www.gstatic.com/firebasejs/11.9.0/firebase-database.js","vertexai":"https://www.gstatic.com/firebasejs/11.9.0/firebase-vertexai.js","data-connect":"https://www.gstatic.com/firebasejs/11.9.0/firebase-data-connect.js","firestore.memory":"https://www.gstatic.com/firebasejs/11.9.0/firebase-firestore.memory.js"}}
[info] i  public/index.html is unchanged 
[info] 
[info] i  Didn't detect a .git folder. Assuming C:\Users\DELL\Documents\netrunners-edge is the project root. 
[info] i  Authorizing with GitHub to upload your service account to a GitHub repository's secrets store. 
[info] 
[info] Visit this URL on this device to log in:
[info] https://github.com/login/oauth/authorize?client_id=89cf50f02ac6aaed3484&state=1014417871&redirect_uri=http%3A%2F%2Flocalhost%3A9005&scope=read%3Auser%20repo%20public_repo
[info] 
[info] Waiting for authentication...
[debug] [2025-06-05T20:26:07.451Z] >>> [apiv2][query] POST https://github.com/login/oauth/access_token [none]
[debug] [2025-06-05T20:26:07.451Z] >>> [apiv2][body] POST https://github.com/login/oauth/access_token [stream]
[debug] [2025-06-05T20:26:08.149Z] <<< [apiv2][status] POST https://github.com/login/oauth/access_token 200
[debug] [2025-06-05T20:26:08.150Z] <<< [apiv2][body] POST https://github.com/login/oauth/access_token {"access_token":"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","token_type":"bearer","scope":"read:user,repo"}
[debug] [2025-06-05T20:26:08.224Z] >>> [apiv2][query] GET https://api.github.com/user [none]
[debug] [2025-06-05T20:26:09.215Z] <<< [apiv2][status] GET https://api.github.com/user 200
[debug] [2025-06-05T20:26:09.216Z] <<< [apiv2][body] GET https://api.github.com/user {"login":"r0kuuu","id":215052151,"node_id":"U_kgDODNFvdw","avatar_url":"https://avatars.githubusercontent.com/u/215052151?v=4","gravatar_id":"","url":"https://api.github.com/users/r0kuuu","html_url":"https://github.com/r0kuuu","followers_url":"https://api.github.com/users/r0kuuu/followers","following_url":"https://api.github.com/users/r0kuuu/following{/other_user}","gists_url":"https://api.github.com/users/r0kuuu/gists{/gist_id}","starred_url":"https://api.github.com/users/r0kuuu/starred{/owner}{/repo}","subscriptions_url":"https://api.github.com/users/r0kuuu/subscriptions","organizations_url":"https://api.github.com/users/r0kuuu/orgs","repos_url":"https://api.github.com/users/r0kuuu/repos","events_url":"https://api.github.com/users/r0kuuu/events{/privacy}","received_events_url":"https://api.github.com/users/r0kuuu/received_events","type":"User","user_view_type":"private","site_admin":false,"name":null,"company":null,"blog":"","location":null,"email":null,"hireable":null,"bio":null,"twitter_username":null,"notification_email":null,"public_repos":1,"public_gists":0,"followers":0,"following":0,"created_at":"2025-06-05T18:37:02Z","updated_at":"2025-06-05T18:37:14Z","private_gists":0,"total_private_repos":0,"owned_private_repos":0,"disk_usage":3,"collaborators":0,"two_factor_authentication":false,"plan":{"name":"free","space":976562499,"collaborators":0,"private_repos":10000}}
[info] 
[info] +  Success! Logged into GitHub as r0kuuu 
[info] 
